<?xml version="1.0" encoding="UTF-8"?>
<robot generator="Robot 5.0.1 (Python 3.10.6 on win32)" generated="20220906 23:16:07.776" rpa="false" schemaversion="3">
<suite id="s1" name="Test Robotframework" source="C:\Users\marin\OneDrive\Dokumenty\projects\test_robotframework">
<suite id="s1-s1" name="Test Login" source="C:\Users\marin\OneDrive\Dokumenty\projects\test_robotframework\test_login.robot">
<test id="s1-s1-t1" name="Login to the system" line="23">
<kw name="Open login page">
<kw name="Open Browser" library="SeleniumLibrary">
<arg>${LOGIN URL}</arg>
<arg>${BROWSER}</arg>
<doc>Opens a new browser instance to the optional ``url``.</doc>
<msg timestamp="20220906 23:16:08.011" level="INFO">Opening browser 'Chrome' to base url 'https://scouts-test.futbolkolektyw.pl/en'.</msg>
<status status="PASS" starttime="20220906 23:16:08.011" endtime="20220906 23:16:09.666"/>
</kw>
<kw name="Title Should Be" library="SeleniumLibrary">
<arg>Scouts panel - sign in</arg>
<doc>Verifies that the current page title equals ``title``.</doc>
<msg timestamp="20220906 23:16:09.669" level="INFO">Page title is 'Scouts panel - sign in'.</msg>
<status status="PASS" starttime="20220906 23:16:09.666" endtime="20220906 23:16:09.669"/>
</kw>
<status status="PASS" starttime="20220906 23:16:08.011" endtime="20220906 23:16:09.669"/>
</kw>
<kw name="Type in email">
<kw name="Input Text" library="SeleniumLibrary">
<arg>${EMAILINPUT}</arg>
<arg>user07@getnada.com</arg>
<doc>Types the given ``text`` into the text field identified by ``locator``.</doc>
<msg timestamp="20220906 23:16:09.670" level="INFO">Typing text 'user07@getnada.com' into text field 'xpath=//*[@id='login']'.</msg>
<status status="PASS" starttime="20220906 23:16:09.669" endtime="20220906 23:16:09.797"/>
</kw>
<status status="PASS" starttime="20220906 23:16:09.669" endtime="20220906 23:16:09.798"/>
</kw>
<kw name="Type in password">
<kw name="Input Text" library="SeleniumLibrary">
<arg>${PASSWORDINPUT}</arg>
<arg>Test-1234</arg>
<doc>Types the given ``text`` into the text field identified by ``locator``.</doc>
<msg timestamp="20220906 23:16:09.798" level="INFO">Typing text 'Test-1234' into text field 'xpath=//*[@name='password']'.</msg>
<status status="PASS" starttime="20220906 23:16:09.798" endtime="20220906 23:16:09.885"/>
</kw>
<status status="PASS" starttime="20220906 23:16:09.798" endtime="20220906 23:16:09.886"/>
</kw>
<kw name="Click on the Submit button">
<kw name="Click Element" library="SeleniumLibrary">
<arg>xpath=//*[@type='submit']</arg>
<doc>Click the element identified by ``locator``.</doc>
<msg timestamp="20220906 23:16:09.886" level="INFO">Clicking element 'xpath=//*[@type='submit']'.</msg>
<status status="PASS" starttime="20220906 23:16:09.886" endtime="20220906 23:16:09.921"/>
</kw>
<status status="PASS" starttime="20220906 23:16:09.886" endtime="20220906 23:16:09.921"/>
</kw>
<kw name="Assert dashboard">
<kw name="Wait Until Element Is Visible" library="SeleniumLibrary">
<arg>${PAGELOGO}</arg>
<doc>Waits until the element ``locator`` is visible.</doc>
<status status="PASS" starttime="20220906 23:16:09.921" endtime="20220906 23:16:10.584"/>
</kw>
<kw name="Title Should Be" library="SeleniumLibrary">
<arg>Scouts panel</arg>
<doc>Verifies that the current page title equals ``title``.</doc>
<msg timestamp="20220906 23:16:10.587" level="INFO">Page title is 'Scouts panel'.</msg>
<status status="PASS" starttime="20220906 23:16:10.584" endtime="20220906 23:16:10.587"/>
</kw>
<kw name="Capture Page Screenshot" library="SeleniumLibrary">
<arg>alert.png</arg>
<doc>Takes a screenshot of the current page and embeds it into a log file.</doc>
<msg timestamp="20220906 23:16:10.683" level="INFO" html="true">&lt;/td&gt;&lt;/tr&gt;&lt;tr&gt;&lt;td colspan="3"&gt;&lt;a href="alert.png"&gt;&lt;img src="alert.png" width="800px"&gt;&lt;/a&gt;</msg>
<status status="PASS" starttime="20220906 23:16:10.587" endtime="20220906 23:16:10.683"/>
</kw>
<status status="PASS" starttime="20220906 23:16:09.921" endtime="20220906 23:16:10.683"/>
</kw>
<kw name="Close Browser" library="SeleniumLibrary" type="TEARDOWN">
<doc>Closes the current browser.</doc>
<status status="PASS" starttime="20220906 23:16:10.684" endtime="20220906 23:16:12.864"/>
</kw>
<status status="PASS" starttime="20220906 23:16:08.011" endtime="20220906 23:16:12.864"/>
</test>
<doc>Suite description #automated tests for scout website</doc>
<status status="PASS" starttime="20220906 23:16:07.802" endtime="20220906 23:16:12.865"/>
</suite>
<status status="PASS" starttime="20220906 23:16:07.778" endtime="20220906 23:16:12.866"/>
</suite>
<statistics>
<total>
<stat pass="1" fail="0" skip="0">All Tests</stat>
</total>
<tag>
</tag>
<suite>
<stat pass="1" fail="0" skip="0" id="s1" name="Test Robotframework">Test Robotframework</stat>
<stat pass="1" fail="0" skip="0" id="s1-s1" name="Test Login">Test Robotframework.Test Login</stat>
</suite>
</statistics>
<errors>
</errors>
</robot>
